{
  "RSpec": {
    "coverage": {
      "/Users/dtt22/code/bootcamp-hwk/Humanbook/app/admin/messages_admin.rb": [
        1,
        1,
        0,
        null,
        null,
        null,
        null,
        null,
        null,
        null,
        null,
        null,
        null,
        null,
        null,
        null,
        null,
        null,
        null,
        null,
        null,
        null,
        null,
        null,
        null,
        null,
        null,
        null,
        null,
        null,
        null,
        null,
        null,
        null,
        null
      ],
      "/Users/dtt22/code/bootcamp-hwk/Humanbook/app/admin/users_admin.rb": [
        1,
        1,
        0,
        null,
        null,
        null,
        null,
        1,
        1,
        1,
        1,
        1,
        0,
        null,
        1,
        1,
        1,
        null,
        null,
        null,
        null,
        1,
        0,
        0,
        0,
        0,
        0,
        null,
        null,
        null,
        null,
        null,
        null,
        null,
        null,
        null,
        null,
        null,
        null,
        null
      ],
      "/Users/dtt22/code/bootcamp-hwk/Humanbook/app/helpers/application_helper.rb": [
        1,
        1,
        0,
        null,
        null,
        1,
        null,
        0,
        0,
        0,
        null,
        null,
        0,
        null,
        null,
        1,
        0,
        null,
        null
      ],
      "/Users/dtt22/code/bootcamp-hwk/Humanbook/app/helpers/friends_helper.rb": [
        1,
        null
      ],
      "/Users/dtt22/code/bootcamp-hwk/Humanbook/app/helpers/friendships_helper.rb": [
        1,
        null
      ],
      "/Users/dtt22/code/bootcamp-hwk/Humanbook/app/helpers/home_helper.rb": [
        1,
        null
      ],
      "/Users/dtt22/code/bootcamp-hwk/Humanbook/app/helpers/messages_helper.rb": [
        1,
        null
      ],
      "/Users/dtt22/code/bootcamp-hwk/Humanbook/app/helpers/sessions_helper.rb": [
        1,
        null
      ],
      "/Users/dtt22/code/bootcamp-hwk/Humanbook/app/helpers/users_helper.rb": [
        1,
        null
      ],
      "/Users/dtt22/code/bootcamp-hwk/Humanbook/app/controllers/messages_controller.rb": [
        1,
        1,
        null,
        1,
        1,
        null,
        null,
        1,
        1,
        1,
        1,
        null,
        0,
        null,
        null,
        null,
        1,
        0,
        null,
        null,
        1,
        0,
        null,
        null,
        1,
        0,
        null,
        null,
        1,
        null,
        1,
        1,
        null,
        null
      ],
      "/Users/dtt22/code/bootcamp-hwk/Humanbook/app/controllers/application_controller.rb": [
        1,
        1,
        1,
        null,
        1,
        null,
        1,
        5,
        1,
        null,
        null,
        null,
        1,
        0,
        null,
        null,
        1,
        0,
        null,
        null,
        1,
        7,
        null,
        null
      ],
      "/Users/dtt22/code/bootcamp-hwk/Humanbook/app/controllers/users_controller.rb": [
        1,
        1,
        null,
        1,
        0,
        null,
        null,
        1,
        1,
        1,
        1,
        1,
        null,
        0,
        null,
        null,
        null,
        1,
        1,
        null,
        null,
        1,
        0,
        0,
        null,
        null,
        1,
        2,
        null,
        null,
        1,
        null,
        1,
        1,
        null,
        null
      ],
      "/Users/dtt22/code/bootcamp-hwk/Humanbook/app/models/user.rb": [
        1,
        1,
        1,
        null,
        1,
        1,
        null,
        1,
        null,
        null,
        null,
        null,
        null,
        1,
        1,
        null,
        1,
        null,
        null,
        null,
        null,
        0,
        0,
        0,
        0,
        0,
        null,
        null,
        null,
        null,
        null,
        null,
        null,
        0,
        null,
        null,
        1,
        1,
        null,
        null,
        1,
        0,
        null,
        null,
        1,
        0,
        null,
        null,
        1,
        0,
        0,
        0,
        0,
        0,
        0,
        0,
        0,
        0,
        null,
        null,
        null,
        null,
        null,
        null,
        null,
        null,
        null,
        null,
        null,
        null,
        null,
        null,
        1,
        0,
        null,
        null,
        1,
        0,
        null,
        null,
        1,
        0,
        null,
        null,
        null,
        1,
        0,
        null,
        null,
        1,
        0,
        null,
        null,
        1,
        0,
        null,
        null
      ],
      "/Users/dtt22/code/bootcamp-hwk/Humanbook/app/models/application_record.rb": [
        1,
        1,
        null
      ],
      "/Users/dtt22/code/bootcamp-hwk/Humanbook/app/uploaders/avatar_uploader.rb": [
        1,
        null,
        null,
        null,
        null,
        null,
        null,
        1,
        null,
        null,
        null,
        null,
        null,
        null,
        null,
        null,
        null,
        null,
        null,
        null,
        null,
        null,
        null,
        null,
        null,
        null,
        null,
        null,
        null,
        null,
        null,
        null,
        null,
        null,
        null,
        null,
        null,
        null,
        null,
        null,
        null,
        null,
        null,
        null,
        null,
        null,
        null,
        null,
        null,
        null,
        null,
        null,
        null
      ],
      "/Users/dtt22/code/bootcamp-hwk/Humanbook/app/models/message.rb": [
        1,
        1,
        1,
        1,
        null
      ],
      "/Users/dtt22/code/bootcamp-hwk/Humanbook/app/channels/application_cable/channel.rb": [
        0,
        0,
        0,
        0
      ],
      "/Users/dtt22/code/bootcamp-hwk/Humanbook/app/channels/application_cable/connection.rb": [
        0,
        0,
        0,
        0
      ],
      "/Users/dtt22/code/bootcamp-hwk/Humanbook/app/controllers/friends_controller.rb": [
        0,
        0,
        0,
        0,
        0,
        0,
        0,
        0,
        0
      ],
      "/Users/dtt22/code/bootcamp-hwk/Humanbook/app/controllers/friendships_controller.rb": [
        0,
        0,
        0,
        0,
        0,
        0,
        0,
        0,
        0,
        0,
        0,
        0,
        0,
        0,
        0,
        0,
        0,
        0,
        0,
        0
      ],
      "/Users/dtt22/code/bootcamp-hwk/Humanbook/app/controllers/home_controller.rb": [
        0,
        0,
        0,
        0
      ],
      "/Users/dtt22/code/bootcamp-hwk/Humanbook/app/controllers/sessions_controller.rb": [
        0,
        0,
        0,
        0,
        0,
        0,
        0,
        0,
        0,
        0,
        0,
        0,
        0,
        0,
        0,
        0,
        0,
        0,
        0,
        0,
        0,
        0,
        0,
        0,
        0,
        0,
        0,
        0,
        0,
        0,
        0,
        0,
        0,
        0,
        0,
        0
      ],
      "/Users/dtt22/code/bootcamp-hwk/Humanbook/app/jobs/application_job.rb": [
        0,
        0
      ],
      "/Users/dtt22/code/bootcamp-hwk/Humanbook/app/mailers/application_mailer.rb": [
        0,
        0,
        0,
        0
      ],
      "/Users/dtt22/code/bootcamp-hwk/Humanbook/app/models/friendship.rb": [
        0,
        0,
        0,
        0
      ]
    },
    "timestamp": 1502790228
  }
}
